Using pre-set license
Built from '2020.3/staging' branch; Version is '2020.3.14f1 (d0d1bb862f9d) revision 13685179'; Using compiler version '192528614'; Build Type 'Release'
OS: 'Windows 10 Pro; OS build 22000.100; Version 2009; 64bit' Language: 'en' Physical Memory: 16332 MB
BatchMode: 1, IsHumanControllingUs: 0, StartBugReporterOnCrash: 0, Is64bit: 1, IsPro: 0

 COMMAND LINE ARGUMENTS:
C:\Program Files\Unity\Hub\Editor\2020.3.14f1\Editor\Unity.exe
-adb2
-batchMode
-noUpm
-name
AssetImportWorker0
-projectPath
C:/Users/kevin/Documents/unity-projects/procedural-dungeon-generator
-logFile
Logs/AssetImportWorker0.log
-srvPort
50397
Successfully changed project path to: C:/Users/kevin/Documents/unity-projects/procedural-dungeon-generator
C:/Users/kevin/Documents/unity-projects/procedural-dungeon-generator
Using Asset Import Pipeline V2.
Refreshing native plugins compatible for Editor in 40.39 ms, found 3 plugins.
Preloading 0 native plugins for Editor in 0.00 ms.
Initialize engine version: 2020.3.14f1 (d0d1bb862f9d)
[Subsystems] Discovering subsystems at path C:/Program Files/Unity/Hub/Editor/2020.3.14f1/Editor/Data/Resources/UnitySubsystems
[Subsystems] Discovering subsystems at path C:/Users/kevin/Documents/unity-projects/procedural-dungeon-generator/Assets
GfxDevice: creating device client; threaded=0
Direct3D:
    Version:  Direct3D 11.0 [level 11.1]
    Renderer: NVIDIA GeForce GTX 1660 (ID=0x2184)
    Vendor:   
    VRAM:     5991 MB
    Driver:   30.0.14.7141
Initialize mono
Mono path[0] = 'C:/Program Files/Unity/Hub/Editor/2020.3.14f1/Editor/Data/Managed'
Mono path[1] = 'C:/Program Files/Unity/Hub/Editor/2020.3.14f1/Editor/Data/MonoBleedingEdge/lib/mono/unityjit'
Mono config path = 'C:/Program Files/Unity/Hub/Editor/2020.3.14f1/Editor/Data/MonoBleedingEdge/etc'
Using monoOptions --debugger-agent=transport=dt_socket,embedding=1,server=y,suspend=n,address=127.0.0.1:56320
Begin MonoManager ReloadAssembly
Registering precompiled unity dll's ...
Register platform support module: C:/Program Files/Unity/Hub/Editor/2020.3.14f1/Editor/Data/PlaybackEngines/WebGLSupport/UnityEditor.WebGL.Extensions.dll
Register platform support module: C:/Program Files/Unity/Hub/Editor/2020.3.14f1/Editor/Data/PlaybackEngines/WindowsStandaloneSupport/UnityEditor.WindowsStandalone.Extensions.dll
Registered in 0.001791 seconds.
Native extension for WindowsStandalone target not found
Native extension for WebGL target not found
Refreshing native plugins compatible for Editor in 38.81 ms, found 3 plugins.
Preloading 0 native plugins for Editor in 0.00 ms.
Mono: successfully reloaded assembly
- Completed reload, in  1.143 seconds
Domain Reload Profiling:
	ReloadAssembly (1143ms)
		BeginReloadAssembly (49ms)
			ExecutionOrderSort (0ms)
			DisableScriptedObjects (0ms)
			BackupInstance (0ms)
			ReleaseScriptingObjects (0ms)
			CreateAndSetChildDomain (1ms)
		EndReloadAssembly (365ms)
			LoadAssemblies (47ms)
			RebuildTransferFunctionScriptingTraits (0ms)
			SetupTypeCache (136ms)
			ReleaseScriptCaches (0ms)
			RebuildScriptCaches (30ms)
			SetupLoadedEditorAssemblies (146ms)
				LogAssemblyErrors (0ms)
				InitializePlatformSupportModulesInManaged (4ms)
				SetLoadedEditorAssemblies (0ms)
				RefreshPlugins (39ms)
				BeforeProcessingInitializeOnLoad (8ms)
				ProcessInitializeOnLoadAttributes (71ms)
				ProcessInitializeOnLoadMethodAttributes (23ms)
				AfterProcessingInitializeOnLoad (0ms)
				EditorAssembliesLoaded (0ms)
			ExecutionOrderSort2 (0ms)
			AwakeInstancesAfterBackupRestoration (0ms)
Platform modules already initialized, skipping
Registering precompiled user dll's ...
Registered in 0.003122 seconds.
Begin MonoManager ReloadAssembly
Native extension for WindowsStandalone target not found
Native extension for WebGL target not found
Refreshing native plugins compatible for Editor in 35.80 ms, found 3 plugins.
Preloading 0 native plugins for Editor in 0.00 ms.
Mono: successfully reloaded assembly
- Completed reload, in  0.959 seconds
Domain Reload Profiling:
	ReloadAssembly (959ms)
		BeginReloadAssembly (125ms)
			ExecutionOrderSort (0ms)
			DisableScriptedObjects (5ms)
			BackupInstance (0ms)
			ReleaseScriptingObjects (0ms)
			CreateAndSetChildDomain (17ms)
		EndReloadAssembly (780ms)
			LoadAssemblies (72ms)
			RebuildTransferFunctionScriptingTraits (0ms)
			SetupTypeCache (238ms)
			ReleaseScriptCaches (0ms)
			RebuildScriptCaches (46ms)
			SetupLoadedEditorAssemblies (322ms)
				LogAssemblyErrors (0ms)
				InitializePlatformSupportModulesInManaged (4ms)
				SetLoadedEditorAssemblies (0ms)
				RefreshPlugins (36ms)
				BeforeProcessingInitializeOnLoad (79ms)
				ProcessInitializeOnLoadAttributes (189ms)
				ProcessInitializeOnLoadMethodAttributes (10ms)
				AfterProcessingInitializeOnLoad (4ms)
				EditorAssembliesLoaded (0ms)
			ExecutionOrderSort2 (0ms)
			AwakeInstancesAfterBackupRestoration (5ms)
Platform modules already initialized, skipping
========================================================================
Worker process is ready to serve import requests
Launched and connected shader compiler UnityShaderCompiler.exe after 0.03 seconds
Refreshing native plugins compatible for Editor in 0.43 ms, found 3 plugins.
Preloading 0 native plugins for Editor in 0.00 ms.
Unloading 2098 Unused Serialized files (Serialized files now loaded: 0)
System memory in use before: 93.3 MB.
System memory in use after: 93.2 MB.

Unloading 33 unused Assets to reduce memory usage. Loaded Objects now: 2531.
Total: 2.460700 ms (FindLiveObjects: 0.218200 ms CreateObjectMapping: 0.061400 ms MarkObjects: 2.066700 ms  DeleteObjects: 0.113600 ms)

AssetImportParameters requested are different than current active one (requested -> active):
  custom:framework-win-MediaFoundation: 216162199b28c13a410421893ffa2e32 -> 
  custom:video-decoder-ogg-theora: a1e56fd34408186e4bbccfd4996cb3dc -> 
  custom:container-muxer-webm: aa71ff27fc2769a1b78a27578f13a17b -> 
  custom:container-demuxer-webm: 4f35f7cbe854078d1ac9338744f61a02 -> 
  custom:container-demuxer-ogg: 62fdf1f143b41e24485cea50d1cbac27 -> 
  custom:video-encoder-webm-vp8: eb34c28f22e8b96e1ab97ce403110664 -> 
  custom:video-decoder-webm-vp8: 9c59270c3fd7afecdb556c50c9e8de78 -> 
  custom:audio-decoder-ogg-vorbis: bf7c407c2cedff20999df2af8eb42d56 -> 
  custom:audio-encoder-webm-vorbis: bf7c407c2cedff20999df2af8eb42d56 -> 
========================================================================
Received Import Request.
  path: Assets/Parameters
  artifactKey: Guid(9d761c74d7486f44bb410ef4f6b87fc7) Importer(815301076,1909f56bfc062723c751e8b465ee728b)
Start importing Assets/Parameters using Guid(9d761c74d7486f44bb410ef4f6b87fc7) Importer(815301076,1909f56bfc062723c751e8b465ee728b)  -> (artifact id: 'aae40ecb1c6be65cc3b98e2ebee5b727') in 0.010773 seconds 
  Import took 0.013826 seconds .

========================================================================
Received Import Request.
  Time since last request: 0.000295 seconds.
  path: Assets/Parameters/SimplerandomWalkParameters_.asset
  artifactKey: Guid(d8771e3fa8125e04dbcfee1cef18ec81) Importer(815301076,1909f56bfc062723c751e8b465ee728b)
Start importing Assets/Parameters/SimplerandomWalkParameters_.asset using Guid(d8771e3fa8125e04dbcfee1cef18ec81) Importer(815301076,1909f56bfc062723c751e8b465ee728b)  -> (artifact id: 'e7c2c5193500e3e8e1492c2e79f71084') in 0.032605 seconds 
  Import took 0.035346 seconds .

========================================================================
Received Import Request.
  Time since last request: 22.792535 seconds.
  path: Assets/Parameters/Random-Parameters.asset
  artifactKey: Guid(d8771e3fa8125e04dbcfee1cef18ec81) Importer(815301076,1909f56bfc062723c751e8b465ee728b)
Start importing Assets/Parameters/Random-Parameters.asset using Guid(d8771e3fa8125e04dbcfee1cef18ec81) Importer(815301076,1909f56bfc062723c751e8b465ee728b)  -> (artifact id: '78c9d0e44d3c49c5b2d11c1266bcf371') in 0.008208 seconds 
  Import took 0.011226 seconds .

========================================================================
Received Import Request.
  Time since last request: 2.166032 seconds.
  path: Assets/Art
  artifactKey: Guid(d1f8e0de025ab8b428b0167f94c57e7a) Importer(815301076,1909f56bfc062723c751e8b465ee728b)
Start importing Assets/Art using Guid(d1f8e0de025ab8b428b0167f94c57e7a) Importer(815301076,1909f56bfc062723c751e8b465ee728b)  -> (artifact id: '96e04d500f541925d8829de758c4541d') in 0.008567 seconds 
  Import took 0.011690 seconds .

========================================================================
Received Import Request.
  Time since last request: 0.054846 seconds.
  path: Assets/Art/Dungeon_Tileset.png
  artifactKey: Guid(a1ce53ea0e05f854f8003443f657dcb7) Importer(815301076,1909f56bfc062723c751e8b465ee728b)
Start importing Assets/Art/Dungeon_Tileset.png using Guid(a1ce53ea0e05f854f8003443f657dcb7) Importer(815301076,1909f56bfc062723c751e8b465ee728b)  -> (artifact id: '246f02015c98418ce63c882b7cbb7aaf') in 0.228549 seconds 
  Import took 0.231948 seconds .

========================================================================
Received Import Request.
  Time since last request: 326.642843 seconds.
  path: Assets/Scripts/Dungeon
  artifactKey: Guid(04330527c84b2d34c9ed1497d8054395) Importer(815301076,1909f56bfc062723c751e8b465ee728b)
Start importing Assets/Scripts/Dungeon using Guid(04330527c84b2d34c9ed1497d8054395) Importer(815301076,1909f56bfc062723c751e8b465ee728b)  -> (artifact id: 'd3aac81b6b0065f8fa87ba43a1c20e36') in 0.009329 seconds 
  Import took 0.012694 seconds .

========================================================================
Received Import Request.
  Time since last request: 1.870877 seconds.
  path: Assets/Editor
  artifactKey: Guid(9b15a429b3c5bf74ca5e27afd5c10fd7) Importer(815301076,1909f56bfc062723c751e8b465ee728b)
Start importing Assets/Editor using Guid(9b15a429b3c5bf74ca5e27afd5c10fd7) Importer(815301076,1909f56bfc062723c751e8b465ee728b)  -> (artifact id: '76f6c3ced6c9a3f7e933825419ee2378') in 0.008502 seconds 
  Import took 0.011540 seconds .

========================================================================
Received Import Request.
  Time since last request: 0.656236 seconds.
  path: Assets/Editor/RandomDungeonGeneratorEditor.cs
  artifactKey: Guid(75e716fc28125a845b3be397578cb352) Importer(815301076,1909f56bfc062723c751e8b465ee728b)
Start importing Assets/Editor/RandomDungeonGeneratorEditor.cs using Guid(75e716fc28125a845b3be397578cb352) Importer(815301076,1909f56bfc062723c751e8b465ee728b)  -> (artifact id: 'e0ad4a35886c138c4e64819a3397adfb') in 0.010919 seconds 
  Import took 0.013997 seconds .

========================================================================
Received Import Request.
  Time since last request: 19.201812 seconds.
  path: Assets/Editor/RandomDungeonGeneratorEditor.cs
  artifactKey: Guid(75e716fc28125a845b3be397578cb352) Importer(815301076,1909f56bfc062723c751e8b465ee728b)
Start importing Assets/Editor/RandomDungeonGeneratorEditor.cs using Guid(75e716fc28125a845b3be397578cb352) Importer(815301076,1909f56bfc062723c751e8b465ee728b)  -> (artifact id: 'd5f1f67df2d824dc1e2b4e7bcf59b636') in 0.002822 seconds 
  Import took 0.006188 seconds .

========================================================================
Received Import Request.
  Time since last request: 0.003732 seconds.
  path: Assets/Editor/RandomDungeonGeneratorEditor.cs
  artifactKey: Guid(75e716fc28125a845b3be397578cb352) Importer(815301076,1909f56bfc062723c751e8b465ee728b)
Start importing Assets/Editor/RandomDungeonGeneratorEditor.cs using Guid(75e716fc28125a845b3be397578cb352) Importer(815301076,1909f56bfc062723c751e8b465ee728b)  -> (artifact id: 'd5f1f67df2d824dc1e2b4e7bcf59b636') in 0.002874 seconds 
  Import took 0.006476 seconds .

========================================================================
Received Prepare
Registering precompiled user dll's ...
Registered in 0.003561 seconds.
Begin MonoManager ReloadAssembly
Native extension for WindowsStandalone target not found
Native extension for WebGL target not found
Refreshing native plugins compatible for Editor in 0.45 ms, found 3 plugins.
Preloading 0 native plugins for Editor in 0.00 ms.
Mono: successfully reloaded assembly
- Completed reload, in  0.914 seconds
Domain Reload Profiling:
	ReloadAssembly (914ms)
		BeginReloadAssembly (122ms)
			ExecutionOrderSort (0ms)
			DisableScriptedObjects (6ms)
			BackupInstance (0ms)
			ReleaseScriptingObjects (0ms)
			CreateAndSetChildDomain (34ms)
		EndReloadAssembly (726ms)
			LoadAssemblies (85ms)
			RebuildTransferFunctionScriptingTraits (0ms)
			SetupTypeCache (238ms)
			ReleaseScriptCaches (1ms)
			RebuildScriptCaches (40ms)
			SetupLoadedEditorAssemblies (279ms)
				LogAssemblyErrors (0ms)
				InitializePlatformSupportModulesInManaged (5ms)
				SetLoadedEditorAssemblies (0ms)
				RefreshPlugins (0ms)
				BeforeProcessingInitializeOnLoad (83ms)
				ProcessInitializeOnLoadAttributes (178ms)
				ProcessInitializeOnLoadMethodAttributes (6ms)
				AfterProcessingInitializeOnLoad (5ms)
				EditorAssembliesLoaded (0ms)
			ExecutionOrderSort2 (0ms)
			AwakeInstancesAfterBackupRestoration (11ms)
Platform modules already initialized, skipping
Refreshing native plugins compatible for Editor in 0.49 ms, found 3 plugins.
Preloading 0 native plugins for Editor in 0.00 ms.
Unloading 2093 Unused Serialized files (Serialized files now loaded: 0)
System memory in use before: 96.2 MB.
System memory in use after: 96.1 MB.

Unloading 21 unused Assets to reduce memory usage. Loaded Objects now: 2542.
Total: 2.567700 ms (FindLiveObjects: 0.195700 ms CreateObjectMapping: 0.065300 ms MarkObjects: 2.205900 ms  DeleteObjects: 0.099700 ms)

AssetImportParameters requested are different than current active one (requested -> active):
  custom:framework-win-MediaFoundation: 216162199b28c13a410421893ffa2e32 -> 
  custom:video-decoder-ogg-theora: a1e56fd34408186e4bbccfd4996cb3dc -> 
  custom:container-muxer-webm: aa71ff27fc2769a1b78a27578f13a17b -> 
  custom:container-demuxer-webm: 4f35f7cbe854078d1ac9338744f61a02 -> 
  custom:container-demuxer-ogg: 62fdf1f143b41e24485cea50d1cbac27 -> 
  custom:video-encoder-webm-vp8: eb34c28f22e8b96e1ab97ce403110664 -> 
  custom:video-decoder-webm-vp8: 9c59270c3fd7afecdb556c50c9e8de78 -> 
  custom:audio-decoder-ogg-vorbis: bf7c407c2cedff20999df2af8eb42d56 -> 
  custom:audio-encoder-webm-vorbis: bf7c407c2cedff20999df2af8eb42d56 -> 
========================================================================
Received Prepare
Registering precompiled user dll's ...
Registered in 0.003156 seconds.
Begin MonoManager ReloadAssembly
Native extension for WindowsStandalone target not found
Native extension for WebGL target not found
Refreshing native plugins compatible for Editor in 0.45 ms, found 3 plugins.
Preloading 0 native plugins for Editor in 0.00 ms.
Mono: successfully reloaded assembly
- Completed reload, in  0.879 seconds
Domain Reload Profiling:
	ReloadAssembly (880ms)
		BeginReloadAssembly (108ms)
			ExecutionOrderSort (0ms)
			DisableScriptedObjects (6ms)
			BackupInstance (0ms)
			ReleaseScriptingObjects (0ms)
			CreateAndSetChildDomain (30ms)
		EndReloadAssembly (714ms)
			LoadAssemblies (73ms)
			RebuildTransferFunctionScriptingTraits (0ms)
			SetupTypeCache (245ms)
			ReleaseScriptCaches (1ms)
			RebuildScriptCaches (41ms)
			SetupLoadedEditorAssemblies (265ms)
				LogAssemblyErrors (0ms)
				InitializePlatformSupportModulesInManaged (5ms)
				SetLoadedEditorAssemblies (0ms)
				RefreshPlugins (0ms)
				BeforeProcessingInitializeOnLoad (86ms)
				ProcessInitializeOnLoadAttributes (165ms)
				ProcessInitializeOnLoadMethodAttributes (4ms)
				AfterProcessingInitializeOnLoad (4ms)
				EditorAssembliesLoaded (0ms)
			ExecutionOrderSort2 (0ms)
			AwakeInstancesAfterBackupRestoration (9ms)
Platform modules already initialized, skipping
Refreshing native plugins compatible for Editor in 0.44 ms, found 3 plugins.
Preloading 0 native plugins for Editor in 0.00 ms.
Unloading 2093 Unused Serialized files (Serialized files now loaded: 0)
System memory in use before: 96.2 MB.
System memory in use after: 96.2 MB.

Unloading 21 unused Assets to reduce memory usage. Loaded Objects now: 2546.
Total: 2.522000 ms (FindLiveObjects: 0.224400 ms CreateObjectMapping: 0.078600 ms MarkObjects: 2.078600 ms  DeleteObjects: 0.138900 ms)

AssetImportParameters requested are different than current active one (requested -> active):
  custom:framework-win-MediaFoundation: 216162199b28c13a410421893ffa2e32 -> 
  custom:video-decoder-ogg-theora: a1e56fd34408186e4bbccfd4996cb3dc -> 
  custom:container-muxer-webm: aa71ff27fc2769a1b78a27578f13a17b -> 
  custom:container-demuxer-webm: 4f35f7cbe854078d1ac9338744f61a02 -> 
  custom:container-demuxer-ogg: 62fdf1f143b41e24485cea50d1cbac27 -> 
  custom:video-encoder-webm-vp8: eb34c28f22e8b96e1ab97ce403110664 -> 
  custom:video-decoder-webm-vp8: 9c59270c3fd7afecdb556c50c9e8de78 -> 
  custom:audio-decoder-ogg-vorbis: bf7c407c2cedff20999df2af8eb42d56 -> 
  custom:audio-encoder-webm-vorbis: bf7c407c2cedff20999df2af8eb42d56 -> 
========================================================================
Received Prepare
Registering precompiled user dll's ...
Registered in 0.003420 seconds.
Begin MonoManager ReloadAssembly
Native extension for WindowsStandalone target not found
Native extension for WebGL target not found
Refreshing native plugins compatible for Editor in 0.49 ms, found 3 plugins.
Preloading 0 native plugins for Editor in 0.00 ms.
Mono: successfully reloaded assembly
- Completed reload, in  0.880 seconds
Domain Reload Profiling:
	ReloadAssembly (881ms)
		BeginReloadAssembly (94ms)
			ExecutionOrderSort (0ms)
			DisableScriptedObjects (6ms)
			BackupInstance (0ms)
			ReleaseScriptingObjects (0ms)
			CreateAndSetChildDomain (29ms)
		EndReloadAssembly (733ms)
			LoadAssemblies (72ms)
			RebuildTransferFunctionScriptingTraits (0ms)
			SetupTypeCache (242ms)
			ReleaseScriptCaches (1ms)
			RebuildScriptCaches (39ms)
			SetupLoadedEditorAssemblies (288ms)
				LogAssemblyErrors (0ms)
				InitializePlatformSupportModulesInManaged (5ms)
				SetLoadedEditorAssemblies (0ms)
				RefreshPlugins (1ms)
				BeforeProcessingInitializeOnLoad (89ms)
				ProcessInitializeOnLoadAttributes (184ms)
				ProcessInitializeOnLoadMethodAttributes (4ms)
				AfterProcessingInitializeOnLoad (4ms)
				EditorAssembliesLoaded (0ms)
			ExecutionOrderSort2 (0ms)
			AwakeInstancesAfterBackupRestoration (9ms)
Platform modules already initialized, skipping
Refreshing native plugins compatible for Editor in 0.51 ms, found 3 plugins.
Preloading 0 native plugins for Editor in 0.00 ms.
Unloading 2093 Unused Serialized files (Serialized files now loaded: 0)
System memory in use before: 96.2 MB.
System memory in use after: 96.2 MB.

Unloading 21 unused Assets to reduce memory usage. Loaded Objects now: 2550.
Total: 2.528000 ms (FindLiveObjects: 0.234500 ms CreateObjectMapping: 0.062000 ms MarkObjects: 2.126300 ms  DeleteObjects: 0.104200 ms)

AssetImportParameters requested are different than current active one (requested -> active):
  custom:framework-win-MediaFoundation: 216162199b28c13a410421893ffa2e32 -> 
  custom:video-decoder-ogg-theora: a1e56fd34408186e4bbccfd4996cb3dc -> 
  custom:container-muxer-webm: aa71ff27fc2769a1b78a27578f13a17b -> 
  custom:container-demuxer-webm: 4f35f7cbe854078d1ac9338744f61a02 -> 
  custom:container-demuxer-ogg: 62fdf1f143b41e24485cea50d1cbac27 -> 
  custom:video-encoder-webm-vp8: eb34c28f22e8b96e1ab97ce403110664 -> 
  custom:video-decoder-webm-vp8: 9c59270c3fd7afecdb556c50c9e8de78 -> 
  custom:audio-decoder-ogg-vorbis: bf7c407c2cedff20999df2af8eb42d56 -> 
  custom:audio-encoder-webm-vorbis: bf7c407c2cedff20999df2af8eb42d56 -> 
========================================================================
Received Prepare
Registering precompiled user dll's ...
Registered in 0.003629 seconds.
Begin MonoManager ReloadAssembly
Native extension for WindowsStandalone target not found
Native extension for WebGL target not found
Refreshing native plugins compatible for Editor in 0.55 ms, found 3 plugins.
Preloading 0 native plugins for Editor in 0.00 ms.
Mono: successfully reloaded assembly
- Completed reload, in  0.925 seconds
Domain Reload Profiling:
	ReloadAssembly (926ms)
		BeginReloadAssembly (107ms)
			ExecutionOrderSort (0ms)
			DisableScriptedObjects (7ms)
			BackupInstance (0ms)
			ReleaseScriptingObjects (0ms)
			CreateAndSetChildDomain (31ms)
		EndReloadAssembly (753ms)
			LoadAssemblies (86ms)
			RebuildTransferFunctionScriptingTraits (0ms)
			SetupTypeCache (232ms)
			ReleaseScriptCaches (1ms)
			RebuildScriptCaches (40ms)
			SetupLoadedEditorAssemblies (291ms)
				LogAssemblyErrors (0ms)
				InitializePlatformSupportModulesInManaged (6ms)
				SetLoadedEditorAssemblies (0ms)
				RefreshPlugins (1ms)
				BeforeProcessingInitializeOnLoad (94ms)
				ProcessInitializeOnLoadAttributes (181ms)
				ProcessInitializeOnLoadMethodAttributes (5ms)
				AfterProcessingInitializeOnLoad (4ms)
				EditorAssembliesLoaded (0ms)
			ExecutionOrderSort2 (0ms)
			AwakeInstancesAfterBackupRestoration (9ms)
Platform modules already initialized, skipping
Refreshing native plugins compatible for Editor in 0.45 ms, found 3 plugins.
Preloading 0 native plugins for Editor in 0.00 ms.
Unloading 2093 Unused Serialized files (Serialized files now loaded: 0)
System memory in use before: 96.3 MB.
System memory in use after: 96.2 MB.

Unloading 21 unused Assets to reduce memory usage. Loaded Objects now: 2554.
Total: 2.491100 ms (FindLiveObjects: 0.214400 ms CreateObjectMapping: 0.054100 ms MarkObjects: 2.103600 ms  DeleteObjects: 0.117800 ms)

AssetImportParameters requested are different than current active one (requested -> active):
  custom:framework-win-MediaFoundation: 216162199b28c13a410421893ffa2e32 -> 
  custom:video-decoder-ogg-theora: a1e56fd34408186e4bbccfd4996cb3dc -> 
  custom:container-muxer-webm: aa71ff27fc2769a1b78a27578f13a17b -> 
  custom:container-demuxer-webm: 4f35f7cbe854078d1ac9338744f61a02 -> 
  custom:container-demuxer-ogg: 62fdf1f143b41e24485cea50d1cbac27 -> 
  custom:video-encoder-webm-vp8: eb34c28f22e8b96e1ab97ce403110664 -> 
  custom:video-decoder-webm-vp8: 9c59270c3fd7afecdb556c50c9e8de78 -> 
  custom:audio-decoder-ogg-vorbis: bf7c407c2cedff20999df2af8eb42d56 -> 
  custom:audio-encoder-webm-vorbis: bf7c407c2cedff20999df2af8eb42d56 -> 
========================================================================
Received Prepare
Registering precompiled user dll's ...
Registered in 0.003387 seconds.
Begin MonoManager ReloadAssembly
Native extension for WindowsStandalone target not found
Native extension for WebGL target not found
Refreshing native plugins compatible for Editor in 0.46 ms, found 3 plugins.
Preloading 0 native plugins for Editor in 0.00 ms.
Mono: successfully reloaded assembly
- Completed reload, in  0.880 seconds
Domain Reload Profiling:
	ReloadAssembly (880ms)
		BeginReloadAssembly (92ms)
			ExecutionOrderSort (0ms)
			DisableScriptedObjects (6ms)
			BackupInstance (0ms)
			ReleaseScriptingObjects (0ms)
			CreateAndSetChildDomain (28ms)
		EndReloadAssembly (734ms)
			LoadAssemblies (71ms)
			RebuildTransferFunctionScriptingTraits (0ms)
			SetupTypeCache (239ms)
			ReleaseScriptCaches (1ms)
			RebuildScriptCaches (41ms)
			SetupLoadedEditorAssemblies (281ms)
				LogAssemblyErrors (0ms)
				InitializePlatformSupportModulesInManaged (5ms)
				SetLoadedEditorAssemblies (0ms)
				RefreshPlugins (0ms)
				BeforeProcessingInitializeOnLoad (83ms)
				ProcessInitializeOnLoadAttributes (182ms)
				ProcessInitializeOnLoadMethodAttributes (6ms)
				AfterProcessingInitializeOnLoad (6ms)
				EditorAssembliesLoaded (0ms)
			ExecutionOrderSort2 (0ms)
			AwakeInstancesAfterBackupRestoration (12ms)
Platform modules already initialized, skipping
Refreshing native plugins compatible for Editor in 0.46 ms, found 3 plugins.
Preloading 0 native plugins for Editor in 0.00 ms.
Unloading 2093 Unused Serialized files (Serialized files now loaded: 0)
System memory in use before: 96.3 MB.
System memory in use after: 96.3 MB.

Unloading 21 unused Assets to reduce memory usage. Loaded Objects now: 2558.
Total: 2.122200 ms (FindLiveObjects: 0.210300 ms CreateObjectMapping: 0.059000 ms MarkObjects: 1.756000 ms  DeleteObjects: 0.096000 ms)

AssetImportParameters requested are different than current active one (requested -> active):
  custom:framework-win-MediaFoundation: 216162199b28c13a410421893ffa2e32 -> 
  custom:video-decoder-ogg-theora: a1e56fd34408186e4bbccfd4996cb3dc -> 
  custom:container-muxer-webm: aa71ff27fc2769a1b78a27578f13a17b -> 
  custom:container-demuxer-webm: 4f35f7cbe854078d1ac9338744f61a02 -> 
  custom:container-demuxer-ogg: 62fdf1f143b41e24485cea50d1cbac27 -> 
  custom:video-encoder-webm-vp8: eb34c28f22e8b96e1ab97ce403110664 -> 
  custom:video-decoder-webm-vp8: 9c59270c3fd7afecdb556c50c9e8de78 -> 
  custom:audio-decoder-ogg-vorbis: bf7c407c2cedff20999df2af8eb42d56 -> 
  custom:audio-encoder-webm-vorbis: bf7c407c2cedff20999df2af8eb42d56 -> 
========================================================================
Received Import Request.
  Time since last request: 1063.304405 seconds.
  path: Assets/Scripts/Dungeon/RoomDungeonGenerator.cs
  artifactKey: Guid(a111d0ba24480fe4782bf88a68dcbd3a) Importer(815301076,1909f56bfc062723c751e8b465ee728b)
Start importing Assets/Scripts/Dungeon/RoomDungeonGenerator.cs using Guid(a111d0ba24480fe4782bf88a68dcbd3a) Importer(815301076,1909f56bfc062723c751e8b465ee728b)  -> (artifact id: '2ca4b1f92c9b052601f640ff57a26885') in 0.011298 seconds 
  Import took 0.014648 seconds .

========================================================================
Received Import Request.
  Time since last request: 0.002765 seconds.
  path: Assets/Tiles/Dungeon_Tileset_16.asset
  artifactKey: Guid(f3072e95aebb7074ba8e97549e048ca8) Importer(815301076,1909f56bfc062723c751e8b465ee728b)
Start importing Assets/Tiles/Dungeon_Tileset_16.asset using Guid(f3072e95aebb7074ba8e97549e048ca8) Importer(815301076,1909f56bfc062723c751e8b465ee728b)  -> (artifact id: '2254a7425ff07e8c6d7bdc1f89838fe1') in 0.046061 seconds 
  Import took 0.049239 seconds .

========================================================================
Received Import Request.
  Time since last request: 0.004276 seconds.
  path: Assets/Scripts/Tilemaps/WallGenerator.cs
  artifactKey: Guid(98da2ad436b299f4fa5b0c6edd462ff7) Importer(815301076,1909f56bfc062723c751e8b465ee728b)
Start importing Assets/Scripts/Tilemaps/WallGenerator.cs using Guid(98da2ad436b299f4fa5b0c6edd462ff7) Importer(815301076,1909f56bfc062723c751e8b465ee728b)  -> (artifact id: '81e18bb55f249916f317fb936b3f90e7') in 0.008462 seconds 
  Import took 0.011491 seconds .

========================================================================
Received Import Request.
  Time since last request: 0.002294 seconds.
  path: Assets/Tiles/Dungeon_Tileset_55.asset
  artifactKey: Guid(49548542c9a32e24fa3e711bff172126) Importer(815301076,1909f56bfc062723c751e8b465ee728b)
Start importing Assets/Tiles/Dungeon_Tileset_55.asset using Guid(49548542c9a32e24fa3e711bff172126) Importer(815301076,1909f56bfc062723c751e8b465ee728b)  -> (artifact id: '98d555808505babc31d949aa593e0bed') in 0.011869 seconds 
  Import took 0.014788 seconds .

========================================================================
Received Import Request.
  Time since last request: 0.004449 seconds.
  path: Assets/Tiles/Dungeon_Tileset_6.asset
  artifactKey: Guid(8a2033f31801c354e854b9fbdd4a3906) Importer(815301076,1909f56bfc062723c751e8b465ee728b)
Start importing Assets/Tiles/Dungeon_Tileset_6.asset using Guid(8a2033f31801c354e854b9fbdd4a3906) Importer(815301076,1909f56bfc062723c751e8b465ee728b)  -> (artifact id: 'fe5289eaa8813bdb3d883e3c34978a73') in 0.011280 seconds 
  Import took 0.014640 seconds .

========================================================================
Received Import Request.
  Time since last request: 0.004299 seconds.
  path: Assets/Tiles/Dungeon_Tileset_50.asset
  artifactKey: Guid(4b60708a56d38f84cb3610425f945cf2) Importer(815301076,1909f56bfc062723c751e8b465ee728b)
Start importing Assets/Tiles/Dungeon_Tileset_50.asset using Guid(4b60708a56d38f84cb3610425f945cf2) Importer(815301076,1909f56bfc062723c751e8b465ee728b)  -> (artifact id: '0534dde3e6f597a4443c2e48e4d7b12f') in 0.011626 seconds 
  Import took 0.014867 seconds .

========================================================================
Received Import Request.
  Time since last request: 0.004376 seconds.
  path: Assets/Tiles/Dungeon_Tileset_15.asset
  artifactKey: Guid(ab1a2be8b17a6094486377b80d8ecadd) Importer(815301076,1909f56bfc062723c751e8b465ee728b)
Start importing Assets/Tiles/Dungeon_Tileset_15.asset using Guid(ab1a2be8b17a6094486377b80d8ecadd) Importer(815301076,1909f56bfc062723c751e8b465ee728b)  -> (artifact id: '9d90c38d3c1b4640c3b70063ff996273') in 0.011080 seconds 
  Import took 0.014384 seconds .

========================================================================
Received Import Request.
  Time since last request: 0.004162 seconds.
  path: Assets/Prefabs/Enemy_3.prefab
  artifactKey: Guid(84c69a3fa153c5844b60d2c8b73821c6) Importer(815301076,1909f56bfc062723c751e8b465ee728b)
Start importing Assets/Prefabs/Enemy_3.prefab using Guid(84c69a3fa153c5844b60d2c8b73821c6) Importer(815301076,1909f56bfc062723c751e8b465ee728b)  -> (artifact id: 'ece94ce8ebb023cff3312ecd85df885c') in 0.036680 seconds 
  Import took 0.039839 seconds .

========================================================================
Received Import Request.
  Time since last request: 0.005098 seconds.
  path: Assets/Scripts/Dungeon/ProceduralGenerationAlgorithms.cs
  artifactKey: Guid(5b9d0b2967c5a3d439b8c9ce94b7a024) Importer(815301076,1909f56bfc062723c751e8b465ee728b)
Start importing Assets/Scripts/Dungeon/ProceduralGenerationAlgorithms.cs using Guid(5b9d0b2967c5a3d439b8c9ce94b7a024) Importer(815301076,1909f56bfc062723c751e8b465ee728b)  -> (artifact id: 'c00592164005dcce455a69adc1c1e0e2') in 0.008010 seconds 
  Import took 0.011101 seconds .

========================================================================
Received Import Request.
  Time since last request: 0.002256 seconds.
  path: Assets/Tiles/Dungeon_Tileset_0.asset
  artifactKey: Guid(df0194a8efb91504e9756d09e9dfc940) Importer(815301076,1909f56bfc062723c751e8b465ee728b)
Start importing Assets/Tiles/Dungeon_Tileset_0.asset using Guid(df0194a8efb91504e9756d09e9dfc940) Importer(815301076,1909f56bfc062723c751e8b465ee728b)  -> (artifact id: '0a08c5bc32f2fcfe69b1d67e2d6b2796') in 0.012587 seconds 
  Import took 0.015954 seconds .

========================================================================
Received Import Request.
  Time since last request: 0.004696 seconds.
  path: Assets/Tiles/Dungeon_Tileset_6 1.asset
  artifactKey: Guid(8b2fc7f8adcd8ee40bc853b4435b2212) Importer(815301076,1909f56bfc062723c751e8b465ee728b)
Start importing Assets/Tiles/Dungeon_Tileset_6 1.asset using Guid(8b2fc7f8adcd8ee40bc853b4435b2212) Importer(815301076,1909f56bfc062723c751e8b465ee728b)  -> (artifact id: '9da88e2a2c5136c5b9bd8b539dfd3082') in 0.012093 seconds 
  Import took 0.015340 seconds .

========================================================================
Received Import Request.
  Time since last request: 0.003776 seconds.
  path: Assets/Tiles/Dungeon_Tileset_43.asset
  artifactKey: Guid(492e74b0b7f24d246a956a82b9a48c6a) Importer(815301076,1909f56bfc062723c751e8b465ee728b)
Start importing Assets/Tiles/Dungeon_Tileset_43.asset using Guid(492e74b0b7f24d246a956a82b9a48c6a) Importer(815301076,1909f56bfc062723c751e8b465ee728b)  -> (artifact id: '5fe919317e78030484b23785ac8fad23') in 0.012550 seconds 
  Import took 0.015514 seconds .

========================================================================
Received Import Request.
  Time since last request: 0.004329 seconds.
  path: Assets/Tiles/Dungeon_Tileset_52.asset
  artifactKey: Guid(4f1d5cce78345dc49bee21f37cca6381) Importer(815301076,1909f56bfc062723c751e8b465ee728b)
Start importing Assets/Tiles/Dungeon_Tileset_52.asset using Guid(4f1d5cce78345dc49bee21f37cca6381) Importer(815301076,1909f56bfc062723c751e8b465ee728b)  -> (artifact id: '826e62da94fdd20c18edff8fee507228') in 0.011413 seconds 
  Import took 0.014637 seconds .

========================================================================
Received Import Request.
  Time since last request: 0.003478 seconds.
  path: Assets/Prefabs
  artifactKey: Guid(cb590cb10abbaaf4694066a765878535) Importer(815301076,1909f56bfc062723c751e8b465ee728b)
Start importing Assets/Prefabs using Guid(cb590cb10abbaaf4694066a765878535) Importer(815301076,1909f56bfc062723c751e8b465ee728b)  -> (artifact id: 'f58e11d04244de70f959ccecbd2d7fe2') in 0.007688 seconds 
  Import took 0.010763 seconds .

========================================================================
Received Import Request.
  Time since last request: 0.002322 seconds.
  path: Assets/Tiles
  artifactKey: Guid(62777bdbcd339864aa1b05417f9e8176) Importer(815301076,1909f56bfc062723c751e8b465ee728b)
Start importing Assets/Tiles using Guid(62777bdbcd339864aa1b05417f9e8176) Importer(815301076,1909f56bfc062723c751e8b465ee728b)  -> (artifact id: '931e6b0636264106c7f980aac117fe40') in 0.007233 seconds 
  Import took 0.010045 seconds .

========================================================================
Received Import Request.
  Time since last request: 0.002385 seconds.
  path: Assets/Tiles/Dungeon_Tileset_100.asset
  artifactKey: Guid(f1577edacea7fee4484378086bea82ab) Importer(815301076,1909f56bfc062723c751e8b465ee728b)
Start importing Assets/Tiles/Dungeon_Tileset_100.asset using Guid(f1577edacea7fee4484378086bea82ab) Importer(815301076,1909f56bfc062723c751e8b465ee728b)  -> (artifact id: '3547ab0f3353a3fe1ac480ed6dcb3ac9') in 0.011296 seconds 
  Import took 0.014387 seconds .

========================================================================
Received Import Request.
  Time since last request: 0.004093 seconds.
  path: Assets/Tiles/Dungeon_Tileset_8.asset
  artifactKey: Guid(f89b1887883e2d54da833a1bb00b54a0) Importer(815301076,1909f56bfc062723c751e8b465ee728b)
Start importing Assets/Tiles/Dungeon_Tileset_8.asset using Guid(f89b1887883e2d54da833a1bb00b54a0) Importer(815301076,1909f56bfc062723c751e8b465ee728b)  -> (artifact id: '83e06367067829b08e04fcd3ac919082') in 0.011125 seconds 
  Import took 0.014160 seconds .

========================================================================
Received Import Request.
  Time since last request: 0.004119 seconds.
  path: Assets/Editor/RandomDungeonGeneratorEditor.cs
  artifactKey: Guid(75e716fc28125a845b3be397578cb352) Importer(815301076,1909f56bfc062723c751e8b465ee728b)
Start importing Assets/Editor/RandomDungeonGeneratorEditor.cs using Guid(75e716fc28125a845b3be397578cb352) Importer(815301076,1909f56bfc062723c751e8b465ee728b)  -> (artifact id: 'db08df7cd76347cb46672a1e949f997e') in 0.002672 seconds 
  Import took 0.006269 seconds .

========================================================================
Received Import Request.
  Time since last request: 0.003006 seconds.
  path: Assets/Tiles/Dungeon_Tileset_28.asset
  artifactKey: Guid(4807ec90262b8994bb82c82937ae6f36) Importer(815301076,1909f56bfc062723c751e8b465ee728b)
Start importing Assets/Tiles/Dungeon_Tileset_28.asset using Guid(4807ec90262b8994bb82c82937ae6f36) Importer(815301076,1909f56bfc062723c751e8b465ee728b)  -> (artifact id: '264e6e0a45e619280287331279840aac') in 0.011410 seconds 
  Import took 0.014809 seconds .

========================================================================
Received Import Request.
  Time since last request: 0.004246 seconds.
  path: Assets/Tiles/Dungeon_Tileset_42.asset
  artifactKey: Guid(7329d0f939d36e44ba719074552d9f70) Importer(815301076,1909f56bfc062723c751e8b465ee728b)
Start importing Assets/Tiles/Dungeon_Tileset_42.asset using Guid(7329d0f939d36e44ba719074552d9f70) Importer(815301076,1909f56bfc062723c751e8b465ee728b)  -> (artifact id: '008e5867a7fc6885a1b3ab37bfc292fd') in 0.011979 seconds 
  Import took 0.015154 seconds .

========================================================================
Received Import Request.
  Time since last request: 0.002928 seconds.
  path: Assets/Prefabs/Enemy_1.prefab
  artifactKey: Guid(596c0a3dfe5d0e1468098560d381153c) Importer(815301076,1909f56bfc062723c751e8b465ee728b)
Start importing Assets/Prefabs/Enemy_1.prefab using Guid(596c0a3dfe5d0e1468098560d381153c) Importer(815301076,1909f56bfc062723c751e8b465ee728b)  -> (artifact id: 'f442bb7b85ee5af12fe73f98caa8bb26') in 0.014560 seconds 
  Import took 0.017848 seconds .

========================================================================
Received Import Request.
  Time since last request: 0.004515 seconds.
  path: Assets/Tiles/Dungeon_Tileset_51.asset
  artifactKey: Guid(da09854521fadc9489d03456e678cc9b) Importer(815301076,1909f56bfc062723c751e8b465ee728b)
Start importing Assets/Tiles/Dungeon_Tileset_51.asset using Guid(da09854521fadc9489d03456e678cc9b) Importer(815301076,1909f56bfc062723c751e8b465ee728b)  -> (artifact id: '44ee15f37182dd93b57c360ad89a8ff8') in 0.011752 seconds 
  Import took 0.014970 seconds .

========================================================================
Received Import Request.
  Time since last request: 0.004533 seconds.
  path: Assets/Tiles/Dungeon_Tileset_10.asset
  artifactKey: Guid(ea0151bb4190761419e938eeb94ac454) Importer(815301076,1909f56bfc062723c751e8b465ee728b)
Start importing Assets/Tiles/Dungeon_Tileset_10.asset using Guid(ea0151bb4190761419e938eeb94ac454) Importer(815301076,1909f56bfc062723c751e8b465ee728b)  -> (artifact id: '54aa2b8d68af272e1fbe4f5a083edfe1') in 0.011530 seconds 
  Import took 0.014992 seconds .

========================================================================
Received Import Request.
  Time since last request: 0.004462 seconds.
  path: Assets/Tiles/Dungeon_Tileset_44.asset
  artifactKey: Guid(7ecfcc868cc9ee74d9b5a9a81ee2915d) Importer(815301076,1909f56bfc062723c751e8b465ee728b)
Start importing Assets/Tiles/Dungeon_Tileset_44.asset using Guid(7ecfcc868cc9ee74d9b5a9a81ee2915d) Importer(815301076,1909f56bfc062723c751e8b465ee728b)  -> (artifact id: '59231125142961ae48cc31d2fa599b8c') in 0.013755 seconds 
  Import took 0.017108 seconds .

========================================================================
Received Import Request.
  Time since last request: 0.005396 seconds.
  path: Assets/Tiles/Dungeon_Tileset_60.asset
  artifactKey: Guid(fd45fee9f8ed18d47bd9344eaff8da0a) Importer(815301076,1909f56bfc062723c751e8b465ee728b)
Start importing Assets/Tiles/Dungeon_Tileset_60.asset using Guid(fd45fee9f8ed18d47bd9344eaff8da0a) Importer(815301076,1909f56bfc062723c751e8b465ee728b)  -> (artifact id: '854055e59c052e7a8e27d12cba257174') in 0.012745 seconds 
  Import took 0.016031 seconds .

========================================================================
Received Import Request.
  Time since last request: 0.004461 seconds.
  path: Assets/Tiles/Dungeon_Tileset_61.asset
  artifactKey: Guid(c4d5817aa2956724abe70a87fc10e163) Importer(815301076,1909f56bfc062723c751e8b465ee728b)
Start importing Assets/Tiles/Dungeon_Tileset_61.asset using Guid(c4d5817aa2956724abe70a87fc10e163) Importer(815301076,1909f56bfc062723c751e8b465ee728b)  -> (artifact id: '672339deef92873b53f8ad840838cc69') in 0.015218 seconds 
  Import took 0.020524 seconds .

========================================================================
Received Import Request.
  Time since last request: 0.005236 seconds.
  path: Assets/Scripts/Dungeon/AbstractDungeonGenerator.cs
  artifactKey: Guid(de9eea43fdf786546958c92d88796c84) Importer(815301076,1909f56bfc062723c751e8b465ee728b)
Start importing Assets/Scripts/Dungeon/AbstractDungeonGenerator.cs using Guid(de9eea43fdf786546958c92d88796c84) Importer(815301076,1909f56bfc062723c751e8b465ee728b)  -> (artifact id: '320f78e8e05f2195fc8625cf120cf3a6') in 0.009399 seconds 
  Import took 0.012651 seconds .

========================================================================
Received Import Request.
  Time since last request: 0.003549 seconds.
  path: Assets/Tiles/Dungeon_Tileset_7 1.asset
  artifactKey: Guid(3fca2f17d6ecaa44c9d1ee9c8fdd3d83) Importer(815301076,1909f56bfc062723c751e8b465ee728b)
Start importing Assets/Tiles/Dungeon_Tileset_7 1.asset using Guid(3fca2f17d6ecaa44c9d1ee9c8fdd3d83) Importer(815301076,1909f56bfc062723c751e8b465ee728b)  -> (artifact id: '2fb170b7825a23d7062e2333ba95ffab') in 0.014505 seconds 
  Import took 0.019853 seconds .

========================================================================
Received Import Request.
  Time since last request: 0.004458 seconds.
  path: Assets/Tiles/Dungeon Tiles.prefab
  artifactKey: Guid(1fdd54ff1af78d04a8b735a5a8ee5f29) Importer(815301076,1909f56bfc062723c751e8b465ee728b)
Start importing Assets/Tiles/Dungeon Tiles.prefab using Guid(1fdd54ff1af78d04a8b735a5a8ee5f29) Importer(815301076,1909f56bfc062723c751e8b465ee728b)  -> (artifact id: '5f9fca37bd326daa821b72539927ce28') in 0.021505 seconds 
  Import took 0.025231 seconds .

========================================================================
Received Import Request.
  Time since last request: 0.004467 seconds.
  path: Assets/Tiles/Dungeon_Tileset_72.asset
  artifactKey: Guid(fb6325e83ab79ca45a4f742da1900c82) Importer(815301076,1909f56bfc062723c751e8b465ee728b)
Start importing Assets/Tiles/Dungeon_Tileset_72.asset using Guid(fb6325e83ab79ca45a4f742da1900c82) Importer(815301076,1909f56bfc062723c751e8b465ee728b)  -> (artifact id: '2162fed2f369375287f6573e5e59e5bc') in 0.011605 seconds 
  Import took 0.014899 seconds .

========================================================================
Received Import Request.
  Time since last request: 0.004180 seconds.
  path: Assets/Tiles/Dungeon_Tileset_9 1.asset
  artifactKey: Guid(23f6f47e207b5854ba5b8e4bb0f2730e) Importer(815301076,1909f56bfc062723c751e8b465ee728b)
Start importing Assets/Tiles/Dungeon_Tileset_9 1.asset using Guid(23f6f47e207b5854ba5b8e4bb0f2730e) Importer(815301076,1909f56bfc062723c751e8b465ee728b)  -> (artifact id: '9d43203034ee97e73e60c823275534f3') in 0.015263 seconds 
  Import took 0.018902 seconds .

========================================================================
Received Import Request.
  Time since last request: 0.004470 seconds.
  path: Assets/Tiles/Dungeon_Tileset_71.asset
  artifactKey: Guid(4e6781de5013a4746831848fe147f579) Importer(815301076,1909f56bfc062723c751e8b465ee728b)
Start importing Assets/Tiles/Dungeon_Tileset_71.asset using Guid(4e6781de5013a4746831848fe147f579) Importer(815301076,1909f56bfc062723c751e8b465ee728b)  -> (artifact id: '9c5270872e966a45af82faad519a27cd') in 0.011886 seconds 
  Import took 0.015163 seconds .

========================================================================
Received Import Request.
  Time since last request: 0.003512 seconds.
  path: Assets/Inspector-Foldout-Group/Homebrew/DecorateFoldout
  artifactKey: Guid(d2ea1807817cd8f489f0cd7f8db52c53) Importer(815301076,1909f56bfc062723c751e8b465ee728b)
Start importing Assets/Inspector-Foldout-Group/Homebrew/DecorateFoldout using Guid(d2ea1807817cd8f489f0cd7f8db52c53) Importer(815301076,1909f56bfc062723c751e8b465ee728b)  -> (artifact id: '183bf08bb9ea85f8ec0c21dff6d210c1') in 0.007729 seconds 
  Import took 0.010715 seconds .

========================================================================
Received Import Request.
  Time since last request: 0.001756 seconds.
  path: Assets/Inspector-Foldout-Group/Homebrew
  artifactKey: Guid(93c43ae428745ea4999ade52a53b05f2) Importer(815301076,1909f56bfc062723c751e8b465ee728b)
Start importing Assets/Inspector-Foldout-Group/Homebrew using Guid(93c43ae428745ea4999ade52a53b05f2) Importer(815301076,1909f56bfc062723c751e8b465ee728b)  -> (artifact id: 'a2f55e57f0ce0119c9b83b121057582b') in 0.006788 seconds 
  Import took 0.009471 seconds .

========================================================================
Received Import Request.
  Time since last request: 0.004163 seconds.
  path: Assets/Inspector-Foldout-Group/Homebrew/DecorateFoldout/Editor/Resources
  artifactKey: Guid(bed4d01e06e4a3942b6094d8418a3895) Importer(815301076,1909f56bfc062723c751e8b465ee728b)
Start importing Assets/Inspector-Foldout-Group/Homebrew/DecorateFoldout/Editor/Resources using Guid(bed4d01e06e4a3942b6094d8418a3895) Importer(815301076,1909f56bfc062723c751e8b465ee728b)  -> (artifact id: 'dc42ed2478d34fd6d53338931d30be76') in 0.008009 seconds 
  Import took 0.011283 seconds .

========================================================================
Received Import Request.
  Time since last request: 0.003281 seconds.
  path: Assets/Inspector-Foldout-Group/Homebrew/DecorateFoldout/Editor
  artifactKey: Guid(ce5ff69fb5fc5de4b840a62a708f3781) Importer(815301076,1909f56bfc062723c751e8b465ee728b)
Start importing Assets/Inspector-Foldout-Group/Homebrew/DecorateFoldout/Editor using Guid(ce5ff69fb5fc5de4b840a62a708f3781) Importer(815301076,1909f56bfc062723c751e8b465ee728b)  -> (artifact id: '991b5dd08d15de439aec28c36051bfb8') in 0.002642 seconds 
  Import took 0.005777 seconds .

========================================================================
Received Import Request.
  Time since last request: 0.002353 seconds.
  path: Assets/Tiles/Dungeon_Tileset_27 1.asset
  artifactKey: Guid(8a8cd5e2f89fd3d40842ed075e26c863) Importer(815301076,1909f56bfc062723c751e8b465ee728b)
Start importing Assets/Tiles/Dungeon_Tileset_27 1.asset using Guid(8a8cd5e2f89fd3d40842ed075e26c863) Importer(815301076,1909f56bfc062723c751e8b465ee728b)  -> (artifact id: '8feb8cf5b3196ddf5c140ff194975733') in 0.011060 seconds 
  Import took 0.014163 seconds .

========================================================================
Received Import Request.
  Time since last request: 0.004080 seconds.
  path: Assets/Tiles/Dungeon_Tileset_70.asset
  artifactKey: Guid(402b2827e5f66d94da8d1f0a7032a1ca) Importer(815301076,1909f56bfc062723c751e8b465ee728b)
Start importing Assets/Tiles/Dungeon_Tileset_70.asset using Guid(402b2827e5f66d94da8d1f0a7032a1ca) Importer(815301076,1909f56bfc062723c751e8b465ee728b)  -> (artifact id: 'c49fa445722c170aa9e0a895cf10f91a') in 0.010740 seconds 
  Import took 0.014077 seconds .

========================================================================
Received Import Request.
  Time since last request: 0.004013 seconds.
  path: Assets/Scripts/Tilemaps
  artifactKey: Guid(9cf32ccab0b0fd044a288940307068cc) Importer(815301076,1909f56bfc062723c751e8b465ee728b)
Start importing Assets/Scripts/Tilemaps using Guid(9cf32ccab0b0fd044a288940307068cc) Importer(815301076,1909f56bfc062723c751e8b465ee728b)  -> (artifact id: '933baae12432554a9aa4a3bc3c79bf67') in 0.007889 seconds 
  Import took 0.011096 seconds .

========================================================================
Received Import Request.
  Time since last request: 0.002314 seconds.
  path: Assets/Tiles/Dungeon_Tileset_30.asset
  artifactKey: Guid(06c50861ddadc4d4282a0808e9c8f928) Importer(815301076,1909f56bfc062723c751e8b465ee728b)
Start importing Assets/Tiles/Dungeon_Tileset_30.asset using Guid(06c50861ddadc4d4282a0808e9c8f928) Importer(815301076,1909f56bfc062723c751e8b465ee728b)  -> (artifact id: 'b5ff40d404d9588ee8ceb2acc51b9112') in 0.011659 seconds 
  Import took 0.014811 seconds .

========================================================================
Received Import Request.
  Time since last request: 0.002678 seconds.
  path: Assets/Tiles/Dungeon_Tileset_12.asset
  artifactKey: Guid(7840794d2738e58449f8f07643715743) Importer(815301076,1909f56bfc062723c751e8b465ee728b)
Start importing Assets/Tiles/Dungeon_Tileset_12.asset using Guid(7840794d2738e58449f8f07643715743) Importer(815301076,1909f56bfc062723c751e8b465ee728b)  -> (artifact id: '47aa7e337b221b989237a784444170c1') in 0.010688 seconds 
  Import took 0.013938 seconds .

========================================================================
Received Import Request.
  Time since last request: 0.003442 seconds.
  path: Assets/Scripts/Spawn System
  artifactKey: Guid(bc3516105577cec4d8e3ab1784aee9e8) Importer(815301076,1909f56bfc062723c751e8b465ee728b)
Start importing Assets/Scripts/Spawn System using Guid(bc3516105577cec4d8e3ab1784aee9e8) Importer(815301076,1909f56bfc062723c751e8b465ee728b)  -> (artifact id: '36d609a06357c30f567c68e2c83f17be') in 0.007663 seconds 
  Import took 0.010632 seconds .

========================================================================
Received Import Request.
  Time since last request: 0.007597 seconds.
  path: Assets/Tiles/Dungeon_Tileset_13.asset
  artifactKey: Guid(2e6ffc7b02c89ee44aacd57c342bb7b1) Importer(815301076,1909f56bfc062723c751e8b465ee728b)
Start importing Assets/Tiles/Dungeon_Tileset_13.asset using Guid(2e6ffc7b02c89ee44aacd57c342bb7b1) Importer(815301076,1909f56bfc062723c751e8b465ee728b)  -> (artifact id: 'a45ee1bded1544956c9c3fc72945475a') in 0.011497 seconds 
  Import took 0.015252 seconds .

========================================================================
Received Import Request.
  Time since last request: 0.004055 seconds.
  path: Assets/Tiles/Dungeon_Tileset_35.asset
  artifactKey: Guid(7a55171ae05b10c43a49d165c63ac169) Importer(815301076,1909f56bfc062723c751e8b465ee728b)
Start importing Assets/Tiles/Dungeon_Tileset_35.asset using Guid(7a55171ae05b10c43a49d165c63ac169) Importer(815301076,1909f56bfc062723c751e8b465ee728b)  -> (artifact id: '6f2734da859fe799aab071534e67f19d') in 0.010687 seconds 
  Import took 0.013775 seconds .

========================================================================
Received Import Request.
  Time since last request: 0.002709 seconds.
  path: Assets/Prefabs/Enemy_2.prefab
  artifactKey: Guid(26221b12b38710f4082cf61136c21fc9) Importer(815301076,1909f56bfc062723c751e8b465ee728b)
Start importing Assets/Prefabs/Enemy_2.prefab using Guid(26221b12b38710f4082cf61136c21fc9) Importer(815301076,1909f56bfc062723c751e8b465ee728b)  -> (artifact id: '8e403d8b5b343594deaf113aa51636e2') in 0.014420 seconds 
  Import took 0.017701 seconds .

========================================================================
Received Import Request.
  Time since last request: 0.004349 seconds.
  path: Assets/Tiles/Dungeon_Tileset_18.asset
  artifactKey: Guid(568e5abe14206f84ab4c1459c6a85dc5) Importer(815301076,1909f56bfc062723c751e8b465ee728b)
Start importing Assets/Tiles/Dungeon_Tileset_18.asset using Guid(568e5abe14206f84ab4c1459c6a85dc5) Importer(815301076,1909f56bfc062723c751e8b465ee728b)  -> (artifact id: '9717ce8fb6f06dc73c7ea9d10cea56c1') in 0.011814 seconds 
  Import took 0.015200 seconds .

========================================================================
Received Import Request.
  Time since last request: 0.004149 seconds.
  path: Assets/Tiles/Dungeon_Tileset_26.asset
  artifactKey: Guid(ba0e5416d3fea8347af973e4d5a576ad) Importer(815301076,1909f56bfc062723c751e8b465ee728b)
Start importing Assets/Tiles/Dungeon_Tileset_26.asset using Guid(ba0e5416d3fea8347af973e4d5a576ad) Importer(815301076,1909f56bfc062723c751e8b465ee728b)  -> (artifact id: '9968bdb8f6c03f8c76d2910713c92712') in 0.011962 seconds 
  Import took 0.015206 seconds .

========================================================================
Received Import Request.
  Time since last request: 0.004068 seconds.
  path: Assets/Tiles/Dungeon_Tileset_19.asset
  artifactKey: Guid(38e4659c4abe1e54eaade0b4b96c6f05) Importer(815301076,1909f56bfc062723c751e8b465ee728b)
Start importing Assets/Tiles/Dungeon_Tileset_19.asset using Guid(38e4659c4abe1e54eaade0b4b96c6f05) Importer(815301076,1909f56bfc062723c751e8b465ee728b)  -> (artifact id: '527219a391c408f0c78fcc64d6df6d8b') in 0.011271 seconds 
  Import took 0.014576 seconds .

========================================================================
Received Import Request.
  Time since last request: 0.004028 seconds.
  path: Assets/Tiles/Dungeon_Tileset_17.asset
  artifactKey: Guid(c27e1546ca0365442a5becd865bd6114) Importer(815301076,1909f56bfc062723c751e8b465ee728b)
Start importing Assets/Tiles/Dungeon_Tileset_17.asset using Guid(c27e1546ca0365442a5becd865bd6114) Importer(815301076,1909f56bfc062723c751e8b465ee728b)  -> (artifact id: '7ffcce7128f41fcadc67889e038ad1f1') in 0.011190 seconds 
  Import took 0.014312 seconds .

========================================================================
Received Import Request.
  Time since last request: 0.004234 seconds.
  path: Assets/Tiles/Dungeon_Tileset_63.asset
  artifactKey: Guid(04157508b2bea70429790c1565fa8e3d) Importer(815301076,1909f56bfc062723c751e8b465ee728b)
Start importing Assets/Tiles/Dungeon_Tileset_63.asset using Guid(04157508b2bea70429790c1565fa8e3d) Importer(815301076,1909f56bfc062723c751e8b465ee728b)  -> (artifact id: '12a0645d64f18a14224d760e69451ddb') in 0.011075 seconds 
  Import took 0.014320 seconds .

========================================================================
Received Import Request.
  Time since last request: 0.004268 seconds.
  path: Assets/Scripts/Dungeon/SimpleRandomWalkSO.cs
  artifactKey: Guid(334a818de81a72e44b206d6ea008d09d) Importer(815301076,1909f56bfc062723c751e8b465ee728b)
Start importing Assets/Scripts/Dungeon/SimpleRandomWalkSO.cs using Guid(334a818de81a72e44b206d6ea008d09d) Importer(815301076,1909f56bfc062723c751e8b465ee728b)  -> (artifact id: 'be1889e93257079ef955a49adca392b3') in 0.007818 seconds 
  Import took 0.010973 seconds .

========================================================================
Received Import Request.
  Time since last request: 0.002237 seconds.
  path: Assets/Tiles/Dungeon_Tileset_2.asset
  artifactKey: Guid(5f2a1c58340de2b45b96b76e52d95719) Importer(815301076,1909f56bfc062723c751e8b465ee728b)
Start importing Assets/Tiles/Dungeon_Tileset_2.asset using Guid(5f2a1c58340de2b45b96b76e52d95719) Importer(815301076,1909f56bfc062723c751e8b465ee728b)  -> (artifact id: '7e84c0194164ecac98a7ef1b2ce32849') in 0.011137 seconds 
  Import took 0.014389 seconds .

========================================================================
Received Import Request.
  Time since last request: 0.003814 seconds.
  path: Assets/Tiles/Dungeon_Tileset_79.asset
  artifactKey: Guid(bd498b00913b3e148b46f57ce80d0cd8) Importer(815301076,1909f56bfc062723c751e8b465ee728b)
Start importing Assets/Tiles/Dungeon_Tileset_79.asset using Guid(bd498b00913b3e148b46f57ce80d0cd8) Importer(815301076,1909f56bfc062723c751e8b465ee728b)  -> (artifact id: '7120f832d23c31cc8fa4975414242fc0') in 0.012328 seconds 
  Import took 0.015563 seconds .

========================================================================
Received Import Request.
  Time since last request: 0.002511 seconds.
  path: Assets/Tiles/Dungeon_Tileset_5.asset
  artifactKey: Guid(f21bacd911dea0c4d9fcfb78b080b322) Importer(815301076,1909f56bfc062723c751e8b465ee728b)
Start importing Assets/Tiles/Dungeon_Tileset_5.asset using Guid(f21bacd911dea0c4d9fcfb78b080b322) Importer(815301076,1909f56bfc062723c751e8b465ee728b)  -> (artifact id: 'b7340741fc3a472a760f0b4dc88c75d9') in 0.011539 seconds 
  Import took 0.014644 seconds .

========================================================================
Received Import Request.
  Time since last request: 0.004381 seconds.
  path: Assets/Tiles/Dungeon_Tileset_3.asset
  artifactKey: Guid(81445345205e61143b8efee6bb454a7d) Importer(815301076,1909f56bfc062723c751e8b465ee728b)
Start importing Assets/Tiles/Dungeon_Tileset_3.asset using Guid(81445345205e61143b8efee6bb454a7d) Importer(815301076,1909f56bfc062723c751e8b465ee728b)  -> (artifact id: '0e2caca1fff1a638c92e8eaf4ef04513') in 0.012171 seconds 
  Import took 0.015740 seconds .

========================================================================
Received Import Request.
  Time since last request: 0.004193 seconds.
  path: Assets/Tiles/Dungeon_Tileset_54.asset
  artifactKey: Guid(741dcd7b44cb2764f987b068b93e078f) Importer(815301076,1909f56bfc062723c751e8b465ee728b)
Start importing Assets/Tiles/Dungeon_Tileset_54.asset using Guid(741dcd7b44cb2764f987b068b93e078f) Importer(815301076,1909f56bfc062723c751e8b465ee728b)  -> (artifact id: '4cf9a7f74d9d28578de291138fc3b791') in 0.010852 seconds 
  Import took 0.014073 seconds .

========================================================================
Received Import Request.
  Time since last request: 0.003870 seconds.
  path: Assets/Tiles/Dungeon_Tileset_1.asset
  artifactKey: Guid(deb47920124fd8b469e99340a3dbe92d) Importer(815301076,1909f56bfc062723c751e8b465ee728b)
Start importing Assets/Tiles/Dungeon_Tileset_1.asset using Guid(deb47920124fd8b469e99340a3dbe92d) Importer(815301076,1909f56bfc062723c751e8b465ee728b)  -> (artifact id: '48de0fd520bba8ec6a4bd436573537b2') in 0.011232 seconds 
  Import took 0.014566 seconds .

========================================================================
Received Import Request.
  Time since last request: 0.003982 seconds.
  path: Assets/Inspector-Foldout-Group/README.md
  artifactKey: Guid(8973c55bf3da300479a57fbc2a6d961f) Importer(815301076,1909f56bfc062723c751e8b465ee728b)
Start importing Assets/Inspector-Foldout-Group/README.md using Guid(8973c55bf3da300479a57fbc2a6d961f) Importer(815301076,1909f56bfc062723c751e8b465ee728b)  -> (artifact id: '562e8166c1e12ec89a78bae55d5be158') in 0.009758 seconds 
  Import took 0.012934 seconds .

========================================================================
Received Import Request.
  Time since last request: 0.001829 seconds.
  path: Assets/Scenes
  artifactKey: Guid(adfb7d7dbf707f9469d3059d5b417640) Importer(815301076,1909f56bfc062723c751e8b465ee728b)
Start importing Assets/Scenes using Guid(adfb7d7dbf707f9469d3059d5b417640) Importer(815301076,1909f56bfc062723c751e8b465ee728b)  -> (artifact id: '2955cd601e26656417eefbb5716d355c') in 0.007191 seconds 
  Import took 0.010370 seconds .

========================================================================
Received Import Request.
  Time since last request: 0.002458 seconds.
  path: Assets/Inspector-Foldout-Group/LICENSE
  artifactKey: Guid(11e3a08ed9075144aabd044aaf47af77) Importer(815301076,1909f56bfc062723c751e8b465ee728b)
Start importing Assets/Inspector-Foldout-Group/LICENSE using Guid(11e3a08ed9075144aabd044aaf47af77) Importer(815301076,1909f56bfc062723c751e8b465ee728b)  -> (artifact id: '2597a8dffced0ffab72ac04daf488e70') in 0.007921 seconds 
  Import took 0.011210 seconds .

========================================================================
Received Import Request.
  Time since last request: 0.002487 seconds.
  path: Assets/Tiles/Dungeon_Tileset_34.asset
  artifactKey: Guid(a69302ae1cba0b3409931484b7eb571f) Importer(815301076,1909f56bfc062723c751e8b465ee728b)
Start importing Assets/Tiles/Dungeon_Tileset_34.asset using Guid(a69302ae1cba0b3409931484b7eb571f) Importer(815301076,1909f56bfc062723c751e8b465ee728b)  -> (artifact id: '78f4f9c132519d419d701ed437afae00') in 0.011424 seconds 
  Import took 0.014516 seconds .

========================================================================
Received Import Request.
  Time since last request: 0.004184 seconds.
  path: Assets/Tiles/Dungeon_Tileset_8 1.asset
  artifactKey: Guid(636d6ff16837d34479b7ffacbf419c3b) Importer(815301076,1909f56bfc062723c751e8b465ee728b)
Start importing Assets/Tiles/Dungeon_Tileset_8 1.asset using Guid(636d6ff16837d34479b7ffacbf419c3b) Importer(815301076,1909f56bfc062723c751e8b465ee728b)  -> (artifact id: '23102b85caeeca37b8e8ed2e5e63c5e0') in 0.011919 seconds 
  Import took 0.015258 seconds .

========================================================================
Received Import Request.
  Time since last request: 0.002786 seconds.
  path: Assets/Scripts/Dungeon/CorridorFirstDungeonGenerator.cs
  artifactKey: Guid(9083796e37afab44e8d40050ffa34d39) Importer(815301076,1909f56bfc062723c751e8b465ee728b)
Start importing Assets/Scripts/Dungeon/CorridorFirstDungeonGenerator.cs using Guid(9083796e37afab44e8d40050ffa34d39) Importer(815301076,1909f56bfc062723c751e8b465ee728b)  -> (artifact id: '84c43d8aa7e0d27f9635d56f9fcd92b3') in 0.007599 seconds 
  Import took 0.010773 seconds .

========================================================================
Received Import Request.
  Time since last request: 0.003005 seconds.
  path: Assets/Inspector-Foldout-Group/Homebrew/DecorateFoldout/Editor/EditorOverride.cs
  artifactKey: Guid(db36399e4dd6e304d9501d5edc1987f0) Importer(815301076,1909f56bfc062723c751e8b465ee728b)
Start importing Assets/Inspector-Foldout-Group/Homebrew/DecorateFoldout/Editor/EditorOverride.cs using Guid(db36399e4dd6e304d9501d5edc1987f0) Importer(815301076,1909f56bfc062723c751e8b465ee728b)  -> (artifact id: '6a9bdea635e90e51e1f5a80f3ed81d4f') in 0.007364 seconds 
  Import took 0.010422 seconds .

========================================================================
Received Import Request.
  Time since last request: 0.002476 seconds.
  path: Assets/Tiles/Dungeon_Tileset_33.asset
  artifactKey: Guid(50e9bdaef924fe645a2c5fa963cff1c4) Importer(815301076,1909f56bfc062723c751e8b465ee728b)
Start importing Assets/Tiles/Dungeon_Tileset_33.asset using Guid(50e9bdaef924fe645a2c5fa963cff1c4) Importer(815301076,1909f56bfc062723c751e8b465ee728b)  -> (artifact id: 'eb76f2bd0987cf1d63e047512aa04a64') in 0.011595 seconds 
  Import took 0.014894 seconds .

========================================================================
Received Import Request.
  Time since last request: 0.003820 seconds.
  path: Assets/Tiles/Dungeon_Tileset_53.asset
  artifactKey: Guid(d2eaa0c97c1ae2d41bae332c91cb2886) Importer(815301076,1909f56bfc062723c751e8b465ee728b)
Start importing Assets/Tiles/Dungeon_Tileset_53.asset using Guid(d2eaa0c97c1ae2d41bae332c91cb2886) Importer(815301076,1909f56bfc062723c751e8b465ee728b)  -> (artifact id: '08c81568070d1cfd42f4ad3469dddc7f') in 0.010887 seconds 
  Import took 0.014004 seconds .

========================================================================
Received Import Request.
  Time since last request: 0.004058 seconds.
  path: Assets/Tiles/Dungeon_Tileset_22.asset
  artifactKey: Guid(8cbf2060f726dc047b94e95d77a4fcb4) Importer(815301076,1909f56bfc062723c751e8b465ee728b)
Start importing Assets/Tiles/Dungeon_Tileset_22.asset using Guid(8cbf2060f726dc047b94e95d77a4fcb4) Importer(815301076,1909f56bfc062723c751e8b465ee728b)  -> (artifact id: '3c77e0988dd700b74d57424e4f32dddf') in 0.011576 seconds 
  Import took 0.014794 seconds .

========================================================================
Received Import Request.
  Time since last request: 0.002801 seconds.
  path: Assets/Scripts/TopDownPlayerMovement.cs
  artifactKey: Guid(6cff33c7662f3704c8a2b8c8098a876f) Importer(815301076,1909f56bfc062723c751e8b465ee728b)
Start importing Assets/Scripts/TopDownPlayerMovement.cs using Guid(6cff33c7662f3704c8a2b8c8098a876f) Importer(815301076,1909f56bfc062723c751e8b465ee728b)  -> (artifact id: '0d665ad547864e0fd8267cb051fd8b60') in 0.007685 seconds 
  Import took 0.010842 seconds .

========================================================================
Received Import Request.
  Time since last request: 0.002262 seconds.
  path: Assets/Tiles/Dungeon_Tileset_36.asset
  artifactKey: Guid(a2625846df6d8244b97045bec6c6393b) Importer(815301076,1909f56bfc062723c751e8b465ee728b)
Start importing Assets/Tiles/Dungeon_Tileset_36.asset using Guid(a2625846df6d8244b97045bec6c6393b) Importer(815301076,1909f56bfc062723c751e8b465ee728b)  -> (artifact id: 'b0dc09bf50be8131052206b7014f67cf') in 0.011047 seconds 
  Import took 0.014130 seconds .

========================================================================
Received Import Request.
  Time since last request: 0.003931 seconds.
  path: Assets/Tiles/Dungeon_Tileset_41.asset
  artifactKey: Guid(6d57c03b3b871d5409019a95b83e9ed7) Importer(815301076,1909f56bfc062723c751e8b465ee728b)
Start importing Assets/Tiles/Dungeon_Tileset_41.asset using Guid(6d57c03b3b871d5409019a95b83e9ed7) Importer(815301076,1909f56bfc062723c751e8b465ee728b)  -> (artifact id: 'f3f29f6903cefc3a84803017c67cd91e') in 0.012205 seconds 
  Import took 0.015249 seconds .

========================================================================
Received Import Request.
  Time since last request: 0.002983 seconds.
  path: Assets/Tiles/Dungeon_Tileset_28 1.asset
  artifactKey: Guid(409b01abb4da2a946ae370cb6d3a7279) Importer(815301076,1909f56bfc062723c751e8b465ee728b)
Start importing Assets/Tiles/Dungeon_Tileset_28 1.asset using Guid(409b01abb4da2a946ae370cb6d3a7279) Importer(815301076,1909f56bfc062723c751e8b465ee728b)  -> (artifact id: '0435ec07e16b89afc564a9a59f229ecb') in 0.011291 seconds 
  Import took 0.014390 seconds .

========================================================================
Received Import Request.
  Time since last request: 0.002364 seconds.
  path: Assets/Inspector-Foldout-Group
  artifactKey: Guid(966c0f2b0c6ef664fb677b9538f917f9) Importer(815301076,1909f56bfc062723c751e8b465ee728b)
Start importing Assets/Inspector-Foldout-Group using Guid(966c0f2b0c6ef664fb677b9538f917f9) Importer(815301076,1909f56bfc062723c751e8b465ee728b)  -> (artifact id: '0a40587a09c2e99024525799ded76f7a') in 0.007217 seconds 
  Import took 0.010299 seconds .

========================================================================
Received Import Request.
  Time since last request: 0.002419 seconds.
  path: Assets/Tiles/Dungeon_Tileset_4.asset
  artifactKey: Guid(875cd4a5ea472d34f931d627d347d304) Importer(815301076,1909f56bfc062723c751e8b465ee728b)
Start importing Assets/Tiles/Dungeon_Tileset_4.asset using Guid(875cd4a5ea472d34f931d627d347d304) Importer(815301076,1909f56bfc062723c751e8b465ee728b)  -> (artifact id: '72eb3f18133d775f1837b5d7c968358e') in 0.011936 seconds 
  Import took 0.015043 seconds .

========================================================================
Received Import Request.
  Time since last request: 0.002919 seconds.
  path: Assets/Scenes/DungeonScene.unity
  artifactKey: Guid(2cda990e2423bbf4892e6590ba056729) Importer(815301076,1909f56bfc062723c751e8b465ee728b)
Start importing Assets/Scenes/DungeonScene.unity using Guid(2cda990e2423bbf4892e6590ba056729) Importer(815301076,1909f56bfc062723c751e8b465ee728b)  -> (artifact id: '0aecaac29682666e8646931cb2655a09') in 0.007857 seconds 
  Import took 0.010840 seconds .

========================================================================
Received Import Request.
  Time since last request: 0.002145 seconds.
  path: Assets/Scripts/Tilemaps/TilemapVisualizer.cs
  artifactKey: Guid(25007f946671b974ba89615919f55198) Importer(815301076,1909f56bfc062723c751e8b465ee728b)
Start importing Assets/Scripts/Tilemaps/TilemapVisualizer.cs using Guid(25007f946671b974ba89615919f55198) Importer(815301076,1909f56bfc062723c751e8b465ee728b)  -> (artifact id: 'a1e6cdffc68aaa48e94a31f5e24e9efd') in 0.007621 seconds 
  Import took 0.010544 seconds .

========================================================================
Received Import Request.
  Time since last request: 0.002703 seconds.
  path: Assets/Tiles/Dungeon_Tileset_21.asset
  artifactKey: Guid(eed001b828a61ff42bbdb1ff0ac15bb3) Importer(815301076,1909f56bfc062723c751e8b465ee728b)
Start importing Assets/Tiles/Dungeon_Tileset_21.asset using Guid(eed001b828a61ff42bbdb1ff0ac15bb3) Importer(815301076,1909f56bfc062723c751e8b465ee728b)  -> (artifact id: 'cb2133972fa3731ba56855176748484f') in 0.011129 seconds 
  Import took 0.014310 seconds .

========================================================================
Received Import Request.
  Time since last request: 0.004074 seconds.
  path: Assets/Tiles/Dungeon_Tileset_101.asset
  artifactKey: Guid(de29afa6b2bbff1488c34cbba570f513) Importer(815301076,1909f56bfc062723c751e8b465ee728b)
Start importing Assets/Tiles/Dungeon_Tileset_101.asset using Guid(de29afa6b2bbff1488c34cbba570f513) Importer(815301076,1909f56bfc062723c751e8b465ee728b)  -> (artifact id: '7e2f8735942bbde3c8104eae9bf839b3') in 0.011065 seconds 
  Import took 0.014351 seconds .

========================================================================
Received Import Request.
  Time since last request: 0.003947 seconds.
  path: Assets/Tiles/Dungeon_Tileset_39.asset
  artifactKey: Guid(02821b17a1101a540922ad92f1222e2a) Importer(815301076,1909f56bfc062723c751e8b465ee728b)
Start importing Assets/Tiles/Dungeon_Tileset_39.asset using Guid(02821b17a1101a540922ad92f1222e2a) Importer(815301076,1909f56bfc062723c751e8b465ee728b)  -> (artifact id: '8e0a1a7cbbd2db86ab911153a9163f12') in 0.010958 seconds 
  Import took 0.014078 seconds .

========================================================================
Received Import Request.
  Time since last request: 0.004228 seconds.
  path: Assets/Tiles/Dungeon_Tileset_9.asset
  artifactKey: Guid(8c2f7927aad0ccd4f9b551c995fd3031) Importer(815301076,1909f56bfc062723c751e8b465ee728b)
Start importing Assets/Tiles/Dungeon_Tileset_9.asset using Guid(8c2f7927aad0ccd4f9b551c995fd3031) Importer(815301076,1909f56bfc062723c751e8b465ee728b)  -> (artifact id: '20d422efea89c1f87e4bd2cfdcf398d8') in 0.012080 seconds 
  Import took 0.015166 seconds .

========================================================================
Received Import Request.
  Time since last request: 0.002849 seconds.
  path: Assets/Tiles/Dungeon_Tileset_73.asset
  artifactKey: Guid(eaf1c53abb0e7e84f974f89440f92e1b) Importer(815301076,1909f56bfc062723c751e8b465ee728b)
Start importing Assets/Tiles/Dungeon_Tileset_73.asset using Guid(eaf1c53abb0e7e84f974f89440f92e1b) Importer(815301076,1909f56bfc062723c751e8b465ee728b)  -> (artifact id: '4c2e0cc426a33326720978b23ebc936e') in 0.010999 seconds 
  Import took 0.014157 seconds .

========================================================================
Received Import Request.
  Time since last request: 0.003909 seconds.
  path: Assets/Tiles/Dungeon_Tileset_40.asset
  artifactKey: Guid(cad9f1e4ea2b7e9419f76bcdaf5eaa5e) Importer(815301076,1909f56bfc062723c751e8b465ee728b)
Start importing Assets/Tiles/Dungeon_Tileset_40.asset using Guid(cad9f1e4ea2b7e9419f76bcdaf5eaa5e) Importer(815301076,1909f56bfc062723c751e8b465ee728b)  -> (artifact id: 'edf0be0d843120303c9829547185ca9c') in 0.013308 seconds 
  Import took 0.016631 seconds .

========================================================================
Received Import Request.
  Time since last request: 0.003849 seconds.
  path: Assets/Inspector-Foldout-Group/Homebrew/DecorateFoldout/Attributes
  artifactKey: Guid(8b2266ac10d4b1b4bb2830ba3d53fb72) Importer(815301076,1909f56bfc062723c751e8b465ee728b)
Start importing Assets/Inspector-Foldout-Group/Homebrew/DecorateFoldout/Attributes using Guid(8b2266ac10d4b1b4bb2830ba3d53fb72) Importer(815301076,1909f56bfc062723c751e8b465ee728b)  -> (artifact id: 'da18bfffbe854cbe29910cb99f375fab') in 0.008567 seconds 
  Import took 0.011860 seconds .

========================================================================
Received Import Request.
  Time since last request: 0.002417 seconds.
  path: Assets/Tiles/Dungeon_Tileset_29.asset
  artifactKey: Guid(2ec37979ac5daee40967ad3d959babe1) Importer(815301076,1909f56bfc062723c751e8b465ee728b)
Start importing Assets/Tiles/Dungeon_Tileset_29.asset using Guid(2ec37979ac5daee40967ad3d959babe1) Importer(815301076,1909f56bfc062723c751e8b465ee728b)  -> (artifact id: 'f45e10c6fdba7398ab89142daab6f7f2') in 0.012922 seconds 
  Import took 0.016123 seconds .

========================================================================
Received Import Request.
  Time since last request: 0.004565 seconds.
  path: Assets/Scripts/Dungeon/SimpleDungeonGenerator.cs
  artifactKey: Guid(43e9fbbb2f8c0e34eb1829833a287ba6) Importer(815301076,1909f56bfc062723c751e8b465ee728b)
Start importing Assets/Scripts/Dungeon/SimpleDungeonGenerator.cs using Guid(43e9fbbb2f8c0e34eb1829833a287ba6) Importer(815301076,1909f56bfc062723c751e8b465ee728b)  -> (artifact id: '00862dd2faacf442abae56a357cbe711') in 0.008305 seconds 
  Import took 0.011754 seconds .

========================================================================
Received Import Request.
  Time since last request: 0.002936 seconds.
  path: Assets/Tiles/Dungeon_Tileset_25.asset
  artifactKey: Guid(3f76403454f66874ab996c5d5dbec6b1) Importer(815301076,1909f56bfc062723c751e8b465ee728b)
Start importing Assets/Tiles/Dungeon_Tileset_25.asset using Guid(3f76403454f66874ab996c5d5dbec6b1) Importer(815301076,1909f56bfc062723c751e8b465ee728b)  -> (artifact id: '3f28cbfd0cee75375ea4208e4a880263') in 0.011934 seconds 
  Import took 0.015377 seconds .

========================================================================
Received Import Request.
  Time since last request: 0.004170 seconds.
  path: Assets/Tiles/Dungeon_Tileset_7.asset
  artifactKey: Guid(ebe56d7c20fc5a447b965660c5d427e5) Importer(815301076,1909f56bfc062723c751e8b465ee728b)
Start importing Assets/Tiles/Dungeon_Tileset_7.asset using Guid(ebe56d7c20fc5a447b965660c5d427e5) Importer(815301076,1909f56bfc062723c751e8b465ee728b)  -> (artifact id: 'd56d2234c2630892d5d54fd7653a8a68') in 0.011538 seconds 
  Import took 0.014795 seconds .

========================================================================
Received Import Request.
  Time since last request: 0.002716 seconds.
  path: Assets/Inspector-Foldout-Group/Homebrew/DecorateFoldout/Editor/Resources/IN foldout focus on-5718.png
  artifactKey: Guid(07896d08487bbb049b494e9e216360ad) Importer(815301076,1909f56bfc062723c751e8b465ee728b)
Start importing Assets/Inspector-Foldout-Group/Homebrew/DecorateFoldout/Editor/Resources/IN foldout focus on-5718.png using Guid(07896d08487bbb049b494e9e216360ad) Importer(815301076,1909f56bfc062723c751e8b465ee728b)  -> (artifact id: '08f840c5b1a21208595275066ffc23e1') in 0.027446 seconds 
  Import took 0.030585 seconds .

========================================================================
Received Import Request.
  Time since last request: 0.003669 seconds.
  path: Assets/Scripts
  artifactKey: Guid(53e45fb66a7eb35458ee1e2ce73cf4b6) Importer(815301076,1909f56bfc062723c751e8b465ee728b)
Start importing Assets/Scripts using Guid(53e45fb66a7eb35458ee1e2ce73cf4b6) Importer(815301076,1909f56bfc062723c751e8b465ee728b)  -> (artifact id: '5c35f4907348d5435f2717def50b96ef') in 0.008229 seconds 
  Import took 0.011239 seconds .

========================================================================
Received Import Request.
  Time since last request: 0.002226 seconds.
  path: Assets/Tiles/Dungeon_Tileset_62.asset
  artifactKey: Guid(e4e605fbda081a048b6442d13a71209e) Importer(815301076,1909f56bfc062723c751e8b465ee728b)
Start importing Assets/Tiles/Dungeon_Tileset_62.asset using Guid(e4e605fbda081a048b6442d13a71209e) Importer(815301076,1909f56bfc062723c751e8b465ee728b)  -> (artifact id: 'b117bdb252a883b40d5ef854b2c2bd33') in 0.012013 seconds 
  Import took 0.015161 seconds .

========================================================================
Received Import Request.
  Time since last request: 0.004396 seconds.
  path: Assets/Tiles/Dungeon_Tileset_20.asset
  artifactKey: Guid(69aaf5a086e15464fb07461d4a3e2861) Importer(815301076,1909f56bfc062723c751e8b465ee728b)
Start importing Assets/Tiles/Dungeon_Tileset_20.asset using Guid(69aaf5a086e15464fb07461d4a3e2861) Importer(815301076,1909f56bfc062723c751e8b465ee728b)  -> (artifact id: '5c524f9e8470fbc536c6045b8eed6d9d') in 0.012848 seconds 
  Import took 0.016164 seconds .

========================================================================
Received Import Request.
  Time since last request: 0.004337 seconds.
  path: Assets/Inspector-Foldout-Group/Homebrew/DecorateFoldout/Attributes/FoldAttribute.cs
  artifactKey: Guid(dbe934e5168b6df4a87dc8029f0812d8) Importer(815301076,1909f56bfc062723c751e8b465ee728b)
Start importing Assets/Inspector-Foldout-Group/Homebrew/DecorateFoldout/Attributes/FoldAttribute.cs using Guid(dbe934e5168b6df4a87dc8029f0812d8) Importer(815301076,1909f56bfc062723c751e8b465ee728b)  -> (artifact id: '8a833b09696a6662a12a0cdc25ae9983') in 0.008753 seconds 
  Import took 0.012129 seconds .

========================================================================
Received Import Request.
  Time since last request: 0.002620 seconds.
  path: Assets/Tiles/Dungeon_Tileset_45.asset
  artifactKey: Guid(1907591c1a9769142afb9e0b48f4fb0a) Importer(815301076,1909f56bfc062723c751e8b465ee728b)
Start importing Assets/Tiles/Dungeon_Tileset_45.asset using Guid(1907591c1a9769142afb9e0b48f4fb0a) Importer(815301076,1909f56bfc062723c751e8b465ee728b)  -> (artifact id: 'ab099a82e71953fb50d535d6a8195b57') in 0.011938 seconds 
  Import took 0.015204 seconds .

========================================================================
Received Import Request.
  Time since last request: 0.004233 seconds.
  path: Assets/Tiles/Dungeon_Tileset_23.asset
  artifactKey: Guid(2efbbfbee7f5a9b4bbd5fe097aeb62bc) Importer(815301076,1909f56bfc062723c751e8b465ee728b)
Start importing Assets/Tiles/Dungeon_Tileset_23.asset using Guid(2efbbfbee7f5a9b4bbd5fe097aeb62bc) Importer(815301076,1909f56bfc062723c751e8b465ee728b)  -> (artifact id: 'fa0b239627f599e486e041f8e6ed94fd') in 0.012701 seconds 
  Import took 0.016108 seconds .

========================================================================
Received Import Request.
  Time since last request: 0.002587 seconds.
  path: Assets/Tiles/Dungeon_Tileset_14.asset
  artifactKey: Guid(c8eb6384db0ff314f90ea52e83c301ed) Importer(815301076,1909f56bfc062723c751e8b465ee728b)
Start importing Assets/Tiles/Dungeon_Tileset_14.asset using Guid(c8eb6384db0ff314f90ea52e83c301ed) Importer(815301076,1909f56bfc062723c751e8b465ee728b)  -> (artifact id: 'b9e3041ccb1ce3ce90747fb3e6ac08af') in 0.011447 seconds 
  Import took 0.014446 seconds .

========================================================================
Received Import Request.
  Time since last request: 0.004554 seconds.
  path: Assets/Tiles/Dungeon_Tileset_26 1.asset
  artifactKey: Guid(f7b5e61da3daabb4995c64a7d31ef15d) Importer(815301076,1909f56bfc062723c751e8b465ee728b)
Start importing Assets/Tiles/Dungeon_Tileset_26 1.asset using Guid(f7b5e61da3daabb4995c64a7d31ef15d) Importer(815301076,1909f56bfc062723c751e8b465ee728b)  -> (artifact id: 'dae9cd81e0c527f0b2582ef1dc70b59a') in 0.011739 seconds 
  Import took 0.014957 seconds .

========================================================================
Received Import Request.
  Time since last request: 0.002667 seconds.
  path: Assets/Inspector-Foldout-Group/Homebrew/DecorateFoldout/Editor/Resources/IN foldout focus-6510.png
  artifactKey: Guid(795626f49ade9024a86e0c1a58aa004b) Importer(815301076,1909f56bfc062723c751e8b465ee728b)
Start importing Assets/Inspector-Foldout-Group/Homebrew/DecorateFoldout/Editor/Resources/IN foldout focus-6510.png using Guid(795626f49ade9024a86e0c1a58aa004b) Importer(815301076,1909f56bfc062723c751e8b465ee728b)  -> (artifact id: '27dae8919edc5c947a29c41e09fec8f4') in 0.013916 seconds 
  Import took 0.016907 seconds .

========================================================================
Received Import Request.
  Time since last request: 0.003998 seconds.
  path: Assets/Tiles/Dungeon_Tileset_32.asset
  artifactKey: Guid(66726a1bd2addda419c527bfa41d11ea) Importer(815301076,1909f56bfc062723c751e8b465ee728b)
Start importing Assets/Tiles/Dungeon_Tileset_32.asset using Guid(66726a1bd2addda419c527bfa41d11ea) Importer(815301076,1909f56bfc062723c751e8b465ee728b)  -> (artifact id: '878d5bc262f37ff799c5aaac3bb2f21c') in 0.011647 seconds 
  Import took 0.015128 seconds .

========================================================================
Received Import Request.
  Time since last request: 0.004438 seconds.
  path: Assets/Scripts/Tilemaps/WallTypesHelper.cs
  artifactKey: Guid(31ba71c0de24a3a49be2bb20cdafcaaf) Importer(815301076,1909f56bfc062723c751e8b465ee728b)
Start importing Assets/Scripts/Tilemaps/WallTypesHelper.cs using Guid(31ba71c0de24a3a49be2bb20cdafcaaf) Importer(815301076,1909f56bfc062723c751e8b465ee728b)  -> (artifact id: '834c851ed8165919cecb4a1175fad112') in 0.008549 seconds 
  Import took 0.011908 seconds .

========================================================================
Received Import Request.
  Time since last request: 0.002192 seconds.
  path: Assets/Tiles/Dungeon_Tileset_27.asset
  artifactKey: Guid(20f029767df17ef468156449f636d5d4) Importer(815301076,1909f56bfc062723c751e8b465ee728b)
Start importing Assets/Tiles/Dungeon_Tileset_27.asset using Guid(20f029767df17ef468156449f636d5d4) Importer(815301076,1909f56bfc062723c751e8b465ee728b)  -> (artifact id: 'ed8da0a5734758d27641442ee6f5fa8d') in 0.011589 seconds 
  Import took 0.014737 seconds .

========================================================================
Received Import Request.
  Time since last request: 0.002469 seconds.
  path: Assets/Tiles/Dungeon_Tileset_31.asset
  artifactKey: Guid(cb6a67ca82c49cc4eba592eb192548c9) Importer(815301076,1909f56bfc062723c751e8b465ee728b)
Start importing Assets/Tiles/Dungeon_Tileset_31.asset using Guid(cb6a67ca82c49cc4eba592eb192548c9) Importer(815301076,1909f56bfc062723c751e8b465ee728b)  -> (artifact id: '02f22c9bdb920c0f6ceda797be5d640a') in 0.012545 seconds 
  Import took 0.016032 seconds .

========================================================================
Received Import Request.
  Time since last request: 0.006086 seconds.
  path: Assets/Tiles/Dungeon_Tileset_11.asset
  artifactKey: Guid(b62d7d4cb8a4f0b43869ca2e504681de) Importer(815301076,1909f56bfc062723c751e8b465ee728b)
Start importing Assets/Tiles/Dungeon_Tileset_11.asset using Guid(b62d7d4cb8a4f0b43869ca2e504681de) Importer(815301076,1909f56bfc062723c751e8b465ee728b)  -> (artifact id: 'a9c30f0466d2e7b2ac3bb0aebf3299ea') in 0.012889 seconds 
  Import took 0.016284 seconds .

========================================================================
Received Import Request.
  Time since last request: 0.004052 seconds.
  path: Assets/Scripts/Spawn System/SpawnObjectsOnTilemap.cs
  artifactKey: Guid(ebd201c0cfe9e20448f874bdc0d5181d) Importer(815301076,1909f56bfc062723c751e8b465ee728b)
Start importing Assets/Scripts/Spawn System/SpawnObjectsOnTilemap.cs using Guid(ebd201c0cfe9e20448f874bdc0d5181d) Importer(815301076,1909f56bfc062723c751e8b465ee728b)  -> (artifact id: '18d7df905852804dd420c080aa225293') in 0.007655 seconds 
  Import took 0.010749 seconds .

========================================================================
Received Import Request.
  Time since last request: 0.002145 seconds.
  path: Assets/Tiles/Dungeon_Tileset_24.asset
  artifactKey: Guid(42bed313bfcc99048922666ddd19103c) Importer(815301076,1909f56bfc062723c751e8b465ee728b)
Start importing Assets/Tiles/Dungeon_Tileset_24.asset using Guid(42bed313bfcc99048922666ddd19103c) Importer(815301076,1909f56bfc062723c751e8b465ee728b)  -> (artifact id: '8fc4c56a9510e5fc88a260047710c0df') in 0.011170 seconds 
  Import took 0.014459 seconds .

========================================================================
Received Prepare
Registering precompiled user dll's ...
Registered in 0.003845 seconds.
Begin MonoManager ReloadAssembly
Native extension for WindowsStandalone target not found
Native extension for WebGL target not found
Refreshing native plugins compatible for Editor in 0.57 ms, found 3 plugins.
Preloading 0 native plugins for Editor in 0.00 ms.
Mono: successfully reloaded assembly
- Completed reload, in  0.873 seconds
Domain Reload Profiling:
	ReloadAssembly (873ms)
		BeginReloadAssembly (104ms)
			ExecutionOrderSort (0ms)
			DisableScriptedObjects (6ms)
			BackupInstance (0ms)
			ReleaseScriptingObjects (0ms)
			CreateAndSetChildDomain (34ms)
		EndReloadAssembly (711ms)
			LoadAssemblies (79ms)
			RebuildTransferFunctionScriptingTraits (0ms)
			SetupTypeCache (241ms)
			ReleaseScriptCaches (1ms)
			RebuildScriptCaches (38ms)
			SetupLoadedEditorAssemblies (261ms)
				LogAssemblyErrors (0ms)
				InitializePlatformSupportModulesInManaged (5ms)
				SetLoadedEditorAssemblies (0ms)
				RefreshPlugins (1ms)
				BeforeProcessingInitializeOnLoad (84ms)
				ProcessInitializeOnLoadAttributes (162ms)
				ProcessInitializeOnLoadMethodAttributes (4ms)
				AfterProcessingInitializeOnLoad (5ms)
				EditorAssembliesLoaded (0ms)
			ExecutionOrderSort2 (0ms)
			AwakeInstancesAfterBackupRestoration (11ms)
Platform modules already initialized, skipping
Refreshing native plugins compatible for Editor in 0.45 ms, found 3 plugins.
Preloading 0 native plugins for Editor in 0.00 ms.
Unloading 2093 Unused Serialized files (Serialized files now loaded: 0)
System memory in use before: 96.5 MB.
System memory in use after: 96.5 MB.

Unloading 21 unused Assets to reduce memory usage. Loaded Objects now: 2571.
Total: 2.380400 ms (FindLiveObjects: 0.219500 ms CreateObjectMapping: 0.067800 ms MarkObjects: 1.967200 ms  DeleteObjects: 0.124600 ms)

AssetImportParameters requested are different than current active one (requested -> active):
  custom:framework-win-MediaFoundation: 216162199b28c13a410421893ffa2e32 -> 
  custom:video-decoder-ogg-theora: a1e56fd34408186e4bbccfd4996cb3dc -> 
  custom:container-muxer-webm: aa71ff27fc2769a1b78a27578f13a17b -> 
  custom:container-demuxer-webm: 4f35f7cbe854078d1ac9338744f61a02 -> 
  custom:container-demuxer-ogg: 62fdf1f143b41e24485cea50d1cbac27 -> 
  custom:video-encoder-webm-vp8: eb34c28f22e8b96e1ab97ce403110664 -> 
  custom:video-decoder-webm-vp8: 9c59270c3fd7afecdb556c50c9e8de78 -> 
  custom:audio-decoder-ogg-vorbis: bf7c407c2cedff20999df2af8eb42d56 -> 
  custom:audio-encoder-webm-vorbis: bf7c407c2cedff20999df2af8eb42d56 -> 
